{"/Users/jpregbaha/Movies/lendsqr-frontend/src/constants/routePath.ts": {"path":"/Users/jpregbaha/Movies/lendsqr-frontend/src/constants/routePath.ts","statementMap":{"0":{"start":{"line":1,"column":13},"end":{"line":4,"column":null}}},"fnMap":{},"branchMap":{},"s":{"0":2},"f":{},"b":{}}
,"/Users/jpregbaha/Movies/lendsqr-frontend/src/pages/dashboard/Users.tsx": {"path":"/Users/jpregbaha/Movies/lendsqr-frontend/src/pages/dashboard/Users.tsx","statementMap":{"0":{"start":{"line":13,"column":0},"end":{"line":13,"column":24}},"1":{"start":{"line":1,"column":0},"end":{"line":1,"column":43}},"2":{"start":{"line":2,"column":0},"end":{"line":2,"column":54}},"3":{"start":{"line":3,"column":0},"end":{"line":3,"column":59}},"4":{"start":{"line":4,"column":0},"end":{"line":4,"column":35}},"5":{"start":{"line":5,"column":0},"end":{"line":5,"column":47}},"6":{"start":{"line":6,"column":0},"end":{"line":6,"column":56}},"7":{"start":{"line":7,"column":0},"end":{"line":7,"column":59}},"8":{"start":{"line":9,"column":0},"end":{"line":9,"column":56}},"9":{"start":{"line":10,"column":0},"end":{"line":10,"column":46}},"10":{"start":{"line":11,"column":0},"end":{"line":11,"column":50}},"11":{"start":{"line":14,"column":22},"end":{"line":14,"column":31}},"12":{"start":{"line":15,"column":26},"end":{"line":15,"column":37}},"13":{"start":{"line":16,"column":28},"end":{"line":16,"column":40}},"14":{"start":{"line":17,"column":19},"end":{"line":17,"column":32}},"15":{"start":{"line":19,"column":46},"end":{"line":19,"column":67}},"16":{"start":{"line":21,"column":2},"end":{"line":25,"column":null}},"17":{"start":{"line":22,"column":4},"end":{"line":24,"column":5}},"18":{"start":{"line":23,"column":6},"end":{"line":23,"column":null}},"19":{"start":{"line":27,"column":21},"end":{"line":30,"column":3}},"20":{"start":{"line":28,"column":4},"end":{"line":28,"column":null}},"21":{"start":{"line":29,"column":4},"end":{"line":29,"column":null}},"22":{"start":{"line":32,"column":2},"end":{"line":50,"column":null}}},"fnMap":{"0":{"name":"UsersPage","decl":{"start":{"line":13,"column":24},"end":{"line":13,"column":33}},"loc":{"start":{"line":13,"column":33},"end":{"line":51,"column":1}}},"1":{"name":"(anonymous_2)","decl":{"start":{"line":21,"column":12},"end":{"line":21,"column":15}},"loc":{"start":{"line":21,"column":17},"end":{"line":25,"column":3}}},"2":{"name":"(anonymous_3)","decl":{"start":{"line":27,"column":21},"end":{"line":27,"column":22}},"loc":{"start":{"line":27,"column":36},"end":{"line":30,"column":3}}}},"branchMap":{"0":{"loc":{"start":{"line":22,"column":4},"end":{"line":24,"column":5}},"type":"if","locations":[{"start":{"line":22,"column":4},"end":{"line":24,"column":5}},{"start":{},"end":{}}]},"1":{"loc":{"start":{"line":22,"column":8},"end":{"line":22,"column":24}},"type":"binary-expr","locations":[{"start":{"line":22,"column":8},"end":{"line":22,"column":15}},{"start":{"line":22,"column":19},"end":{"line":22,"column":24}}]}},"s":{"0":1,"1":1,"2":1,"3":1,"4":1,"5":1,"6":1,"7":1,"8":1,"9":1,"10":1,"11":4,"12":4,"13":4,"14":4,"15":4,"16":4,"17":4,"18":1,"19":4,"20":1,"21":1,"22":4},"f":{"0":4,"1":4,"2":1},"b":{"0":[1,3],"1":[4,1]}}
,"/Users/jpregbaha/Movies/lendsqr-frontend/src/pages/login/LoginPage.tsx": {"path":"/Users/jpregbaha/Movies/lendsqr-frontend/src/pages/login/LoginPage.tsx","statementMap":{"0":{"start":{"line":11,"column":0},"end":{"line":11,"column":24}},"1":{"start":{"line":1,"column":0},"end":{"line":1,"column":32}},"2":{"start":{"line":2,"column":0},"end":{"line":2,"column":21}},"3":{"start":{"line":3,"column":0},"end":{"line":3,"column":34}},"4":{"start":{"line":4,"column":0},"end":{"line":4,"column":69}},"5":{"start":{"line":5,"column":0},"end":{"line":5,"column":54}},"6":{"start":{"line":6,"column":0},"end":{"line":6,"column":65}},"7":{"start":{"line":7,"column":0},"end":{"line":7,"column":38}},"8":{"start":{"line":8,"column":0},"end":{"line":8,"column":46}},"9":{"start":{"line":9,"column":0},"end":{"line":9,"column":50}},"10":{"start":{"line":12,"column":28},"end":{"line":12,"column":40}},"11":{"start":{"line":13,"column":34},"end":{"line":13,"column":46}},"12":{"start":{"line":14,"column":42},"end":{"line":14,"column":57}},"13":{"start":{"line":15,"column":39},"end":{"line":15,"column":60}},"14":{"start":{"line":16,"column":19},"end":{"line":16,"column":32}},"15":{"start":{"line":18,"column":23},"end":{"line":32,"column":3}},"16":{"start":{"line":19,"column":4},"end":{"line":19,"column":null}},"17":{"start":{"line":20,"column":4},"end":{"line":20,"column":null}},"18":{"start":{"line":22,"column":4},"end":{"line":25,"column":5}},"19":{"start":{"line":23,"column":6},"end":{"line":23,"column":null}},"20":{"start":{"line":24,"column":6},"end":{"line":24,"column":12}},"21":{"start":{"line":26,"column":4},"end":{"line":29,"column":5}},"22":{"start":{"line":27,"column":6},"end":{"line":27,"column":null}},"23":{"start":{"line":28,"column":6},"end":{"line":28,"column":12}},"24":{"start":{"line":31,"column":4},"end":{"line":31,"column":null}},"25":{"start":{"line":33,"column":2},"end":{"line":33,"column":null}},"26":{"start":{"line":35,"column":2},"end":{"line":109,"column":null}},"27":{"start":{"line":75,"column":35},"end":{"line":75,"column":59}},"28":{"start":{"line":85,"column":35},"end":{"line":85,"column":62}},"29":{"start":{"line":91,"column":33},"end":{"line":91,"column":63}}},"fnMap":{"0":{"name":"LoginPage","decl":{"start":{"line":11,"column":24},"end":{"line":11,"column":33}},"loc":{"start":{"line":11,"column":33},"end":{"line":110,"column":1}}},"1":{"name":"(anonymous_1)","decl":{"start":{"line":18,"column":23},"end":{"line":18,"column":24}},"loc":{"start":{"line":18,"column":46},"end":{"line":32,"column":3}}},"2":{"name":"(anonymous_2)","decl":{"start":{"line":75,"column":28},"end":{"line":75,"column":29}},"loc":{"start":{"line":75,"column":35},"end":{"line":75,"column":59}}},"3":{"name":"(anonymous_3)","decl":{"start":{"line":85,"column":28},"end":{"line":85,"column":29}},"loc":{"start":{"line":85,"column":35},"end":{"line":85,"column":62}}},"4":{"name":"(anonymous_4)","decl":{"start":{"line":91,"column":27},"end":{"line":91,"column":30}},"loc":{"start":{"line":91,"column":33},"end":{"line":91,"column":63}}}},"branchMap":{"0":{"loc":{"start":{"line":22,"column":4},"end":{"line":25,"column":5}},"type":"if","locations":[{"start":{"line":22,"column":4},"end":{"line":25,"column":5}},{"start":{},"end":{}}]},"1":{"loc":{"start":{"line":26,"column":4},"end":{"line":29,"column":5}},"type":"if","locations":[{"start":{"line":26,"column":4},"end":{"line":29,"column":5}},{"start":{},"end":{}}]},"2":{"loc":{"start":{"line":59,"column":13},"end":{"line":64,"column":null}},"type":"binary-expr","locations":[{"start":{"line":59,"column":14},"end":{"line":59,"column":28}},{"start":{"line":59,"column":32},"end":{"line":59,"column":40}},{"start":{"line":60,"column":14},"end":{"line":63,"column":null}}]},"3":{"loc":{"start":{"line":82,"column":24},"end":{"line":82,"column":58}},"type":"cond-expr","locations":[{"start":{"line":82,"column":39},"end":{"line":82,"column":45}},{"start":{"line":82,"column":48},"end":{"line":82,"column":58}}]},"4":{"loc":{"start":{"line":93,"column":19},"end":{"line":93,"column":49}},"type":"cond-expr","locations":[{"start":{"line":93,"column":34},"end":{"line":93,"column":40}},{"start":{"line":93,"column":43},"end":{"line":93,"column":49}}]}},"s":{"0":1,"1":1,"2":1,"3":1,"4":1,"5":1,"6":1,"7":1,"8":1,"9":1,"10":43,"11":43,"12":43,"13":43,"14":43,"15":43,"16":3,"17":3,"18":3,"19":1,"20":1,"21":2,"22":1,"23":1,"24":1,"25":43,"26":43,"27":26,"28":11,"29":1},"f":{"0":43,"1":3,"2":26,"3":11,"4":1},"b":{"0":[1,2],"1":[1,1],"2":[43,43,0],"3":[1,42],"4":[1,42]}}
}
