TN:
SF:src/constants/routePath.ts
FNF:0
FNH:0
DA:1,2
LF:1
LH:1
BRF:0
BRH:0
end_of_record
TN:
SF:src/pages/dashboard/Users.tsx
FN:13,UsersPage
FN:21,(anonymous_2)
FN:27,(anonymous_3)
FNF:3
FNH:3
FNDA:4,UsersPage
FNDA:4,(anonymous_2)
FNDA:1,(anonymous_3)
DA:1,1
DA:2,1
DA:3,1
DA:4,1
DA:5,1
DA:6,1
DA:7,1
DA:9,1
DA:10,1
DA:11,1
DA:13,1
DA:14,4
DA:15,4
DA:16,4
DA:17,4
DA:19,4
DA:21,4
DA:22,4
DA:23,1
DA:27,4
DA:28,1
DA:29,1
DA:32,4
LF:23
LH:23
BRDA:22,0,0,1
BRDA:22,0,1,3
BRDA:22,1,0,4
BRDA:22,1,1,1
BRF:4
BRH:4
end_of_record
TN:
SF:src/pages/login/LoginPage.tsx
FN:11,LoginPage
FN:18,(anonymous_1)
FN:75,(anonymous_2)
FN:85,(anonymous_3)
FN:91,(anonymous_4)
FNF:5
FNH:5
FNDA:43,LoginPage
FNDA:3,(anonymous_1)
FNDA:26,(anonymous_2)
FNDA:11,(anonymous_3)
FNDA:1,(anonymous_4)
DA:1,1
DA:2,1
DA:3,1
DA:4,1
DA:5,1
DA:6,1
DA:7,1
DA:8,1
DA:9,1
DA:11,1
DA:12,43
DA:13,43
DA:14,43
DA:15,43
DA:16,43
DA:18,43
DA:19,3
DA:20,3
DA:22,3
DA:23,1
DA:24,1
DA:26,2
DA:27,1
DA:28,1
DA:31,1
DA:33,43
DA:35,43
DA:75,26
DA:85,11
DA:91,1
LF:30
LH:30
BRDA:22,0,0,1
BRDA:22,0,1,2
BRDA:26,1,0,1
BRDA:26,1,1,1
BRDA:59,2,0,43
BRDA:59,2,1,43
BRDA:59,2,2,0
BRDA:82,3,0,1
BRDA:82,3,1,42
BRDA:93,4,0,1
BRDA:93,4,1,42
BRF:11
BRH:10
end_of_record
